Removed Pin From Net: NetName=3V3 Pin=C18-2
Removed Pin From Net: NetName=3V3 Pin=C19-1
Removed Pin From Net: NetName=3V3 Pin=C20-1
Removed Pin From Net: NetName=GND Pin=C24-1
Removed Pin From Net: NetName=3V3 Pin=C24-2
Removed Pin From Net: NetName=GND Pin=C25-1
Removed Pin From Net: NetName=3V3 Pin=C25-2
Removed Pin From Net: NetName=NetBAT1_1 Pin=D2-1
Removed Pin From Net: NetName=3V3 Pin=J8-1
Removed Pin From Net: NetName=3V3 Pin=J9-5
Removed Pin From Net: NetName=3V3 Pin=R26-2
Removed Pin From Net: NetName=3V3 Pin=R27-2
Removed Pin From Net: NetName=NetC22_1 Pin=R28-1
Removed Pin From Net: NetName=3V3 Pin=R31-2
Removed Pin From Net: NetName=GPIO_ISR Pin=R32-1
Removed Pin From Net: NetName=3V3 Pin=R35-2
Removed Pin From Net: NetName=ACC_ISR Pin=R61-1
Removed Pin From Net: NetName=MTMS Pin=R61-2
Removed Pin From Net: NetName=NetDZ3_2 Pin=R62-1
Removed Pin From Net: NetName=MTCK Pin=R62-2
Removed Pin From Net: NetName=GND Pin=R64-1
Removed Pin From Net: NetName=I2C_SDA Pin=R66-1
Removed Pin From Net: NetName=3V3 Pin=R66-2
Removed Pin From Net: NetName=3V3 Pin=U3-2
Removed Pin From Net: NetName=NetR5_1 Pin=U3-6
Removed Pin From Net: NetName=NetR21_1 Pin=U3-7
Removed Pin From Net: NetName=GND Pin=U4-4
Removed Pin From Net: NetName=I2C_SDA Pin=U4-5
Removed Pin From Net: NetName=I2C_SCL Pin=U4-6
Removed Pin From Net: NetName=3V3 Pin=U4-8
Removed Pin From Net: NetName=GND Pin=U6-1
Removed Pin From Net: NetName=3V3 Pin=U6-3
Removed Pin From Net: NetName=I2C_SCL Pin=U6-4
Removed Pin From Net: NetName=I2C_SDA Pin=U6-5
Removed Pin From Net: NetName=GPIO_ISR Pin=U6-8
Removed Pin From Net: NetName=NetR23_2 Pin=U6-9
Removed Pin From Net: NetName=NetR17_2 Pin=U6-10
Removed Pin From Net: NetName=NetR57_2 Pin=U6-11
Removed Pin From Net: NetName=RSCAN0 Pin=U6-12
Removed Pin From Net: NetName=NetQ5_3 Pin=U6-13
Removed Pin From Net: NetName=NetQ5_6 Pin=U6-14
Removed Pin From Net: NetName=3V3_SW_PERI Pin=U6-15
Removed Pin From Net: NetName=3V3_SW_MCU Pin=U6-16
Removed Pin From Net: NetName=GND Pin=U6-17
Removed Member From Class: ClassName=U_M5_Display_MCU Member=D2
Removed Member From Class: ClassName=U_M5_Display_MCU Member=R66
Removed Member From Class: ClassName=U_M5_Display_MCU Member=U6
Change Component Footprint: Designator=C24 Old Footprint=0402 New Footprint=0603
Change Component Footprint: Designator=Y2 Old Footprint=FSXLF New Footprint=ECS-1210
Change Component Footprint: Designator=U4 Old Footprint=SO8 New Footprint=QFN32EP
Change Component Comment : Designator=R28 Old Comment=1K5 1% New Comment=33R
Change Component Comment : Designator=R36 Old Comment=1K New Comment=33R
Change Component Comment : Designator=C28 Old Comment=8pF New Comment=8.2pF
Change Component Comment : Designator=R63 Old Comment=10K 1% New Comment=4K7
Change Component Comment : Designator=R31 Old Comment=10K 1% New Comment=33R
Change Component Comment : Designator=R35 Old Comment=10K 1% New Comment=33R
Change Component Comment : Designator=R32 Old Comment=10K 1% New Comment=100K
Change Component Comment : Designator=C27 Old Comment=10pF New Comment=100nF
Change Component Comment : Designator=C25 Old Comment=100nF New Comment=1uF 6V3
Change Component Comment : Designator=C24 Old Comment=100nF New Comment=10uF 6.3V
Change Component Comment : Designator=C29 Old Comment=100nF New Comment=27pF
Change Component Comment : Designator=C30 Old Comment=100pF 50V New Comment=33pF
Change Component Comment : Designator=R61 Old Comment=100R New Comment=33R
Change Component Comment : Designator=R62 Old Comment=100R New Comment=100K
Change Component Comment : Designator=R64 Old Comment=150K 1% New Comment=4K7
Change Component Comment : Designator=U4 Old Comment=MCP79400-I/SN New Comment=MK20DX128VFM5
Change Component Kind : Designator=R35 Old Kind=Standard New Kind=Standard (No BOM)
Change Component Kind : Designator=R31 Old Kind=Standard New Kind=Standard (No BOM)
Change Component Kind : Designator=R61 Old Kind=Standard New Kind=Standard (No BOM)
Change Component Kind : Designator=R36 Old Kind=Standard New Kind=Standard (No BOM)
Change Component Kind : Designator=R28 Old Kind=Standard New Kind=Standard (No BOM)
Change Component Kind : Designator=C28 Old Kind=Standard New Kind=Standard (No BOM)
Change Component Kind : Designator=C27 Old Kind=Standard New Kind=Standard (No BOM)
Change Component Kind : Designator=C30 Old Kind=Standard New Kind=Standard (No BOM)
Change Component Kind : Designator=C29 Old Kind=Standard New Kind=Standard (No BOM)
Change component parameters: Designator = "C24" ("C24"); Footprint = "0402"; UniqueID = "\NJAAVEHV\UNLIRHRQ" ("\NJAAVEHV\UNLIRHRQ")
Change component parameters (AddParameter): Name = "APROBO"; Value = ""; VariantName = "[No Variations]"
Change component parameters (AddParameter): Name = "CREO"; Value = "EB"; VariantName = "[No Variations]"
Change component parameters (AddParameter): Name = "Digikey PN"; Value = "445-3448-1-ND"; VariantName = "[No Variations]"
Change component parameters (AddParameter): Name = "Manufacturer"; Value = "TDK Corporation"; VariantName = "[No Variations]"
Change component parameters (AddParameter): Name = "Manufacturer Part Number"; Value = "C1608Y5V0J106Z"; VariantName = "[No Variations]"
Change component parameters (AddParameter): Name = "Part Number"; Value = "CAP0603_10uF_6.3V_Y5V"; VariantName = "[No Variations]"
Change component parameters (AddParameter): Name = "Precio"; Value = "0"; VariantName = "[No Variations]"
Change component parameters (AddParameter): Name = "Supplier 1"; Value = "Digi-Key"; VariantName = "[No Variations]"
Change component parameters (AddParameter): Name = "Supplier Part Number 1"; Value = "445-3448-1-ND"; VariantName = "[No Variations]"
Change component parameters (AddParameter): Name = "Supplier Unit Price 1"; Value = ""; VariantName = "[No Variations]"
Change component parameters (AddParameter): Name = "Value"; Value = "10uF 6.3V"; VariantName = "[No Variations]"
Change component parameters: Designator = "C25" ("C25"); Footprint = "0402"; UniqueID = "\NJAAVEHV\MHYPOVDX" ("\NJAAVEHV\MHYPOVDX")
Change component parameters (AddParameter): Name = "APROBO"; Value = ""; VariantName = "[No Variations]"
Change component parameters (AddParameter): Name = "CREO"; Value = "EB"; VariantName = "[No Variations]"
Change component parameters (AddParameter): Name = "Digikey PN"; Value = "445-4998-1-ND"; VariantName = "[No Variations]"
Change component parameters (AddParameter): Name = "Manufacturer"; Value = ""; VariantName = "[No Variations]"
Change component parameters (AddParameter): Name = "Manufacturer Part Number"; Value = ""; VariantName = "[No Variations]"
Change component parameters (AddParameter): Name = "Part Number"; Value = "CAP0402_1uF_6V3_X5R"; VariantName = "[No Variations]"
Change component parameters (AddParameter): Name = "Precio"; Value = "0"; VariantName = "[No Variations]"
Change component parameters (AddParameter): Name = "Supplier 1"; Value = "Digi-Key"; VariantName = "[No Variations]"
Change component parameters (AddParameter): Name = "Supplier Part Number 1"; Value = "445-4998-1-ND"; VariantName = "[No Variations]"
Change component parameters (AddParameter): Name = "Supplier Unit Price 1"; Value = ""; VariantName = "[No Variations]"
Change component parameters (AddParameter): Name = "Value"; Value = "1uF 6V3"; VariantName = "[No Variations]"
Change component parameters: Designator = "C27" ("C27"); Footprint = "0402"; UniqueID = "\NJAAVEHV\DMQJBJQP" ("\NJAAVEHV\DMQJBJQP")
Change component parameters (AddParameter): Name = "APROBO"; Value = ""; VariantName = "[No Variations]"
Change component parameters (AddParameter): Name = "CREO"; Value = "LL"; VariantName = "[No Variations]"
Change component parameters (AddParameter): Name = "Digikey PN"; Value = "445-5932-2-ND"; VariantName = "[No Variations]"
Change component parameters (AddParameter): Name = "Part Number"; Value = "CAP0402_100nF_50V_X7R"; VariantName = "[No Variations]"
Change component parameters (AddParameter): Name = "Precio"; Value = "0"; VariantName = "[No Variations]"
Change component parameters (AddParameter): Name = "Value"; Value = "100nF"; VariantName = "[No Variations]"
Change component parameters: Designator = "C28" ("C28"); Footprint = "0402"; UniqueID = "\NJAAVEHV\JQGHHSAR" ("\NJAAVEHV\JQGHHSAR")
Change component parameters (AddParameter): Name = "APROBO"; Value = ""; VariantName = "[No Variations]"
Change component parameters (AddParameter): Name = "CREO"; Value = "EB"; VariantName = "[No Variations]"
Change component parameters (AddParameter): Name = "Digikey PN"; Value = "311-1012-2-ND"; VariantName = "[No Variations]"
Change component parameters (AddParameter): Name = "Part Number"; Value = "CAP0402_8.2pF_NP0"; VariantName = "[No Variations]"
Change component parameters (AddParameter): Name = "Precio"; Value = "0"; VariantName = "[No Variations]"
Change component parameters (AddParameter): Name = "Value"; Value = "8.2pF"; VariantName = "[No Variations]"
Change component parameters: Designator = "C29" ("C29"); Footprint = "0402"; UniqueID = "\NJAAVEHV\ICSGTFXP" ("\NJAAVEHV\ICSGTFXP")
Change component parameters (AddParameter): Name = "APROBO"; Value = ""; VariantName = "[No Variations]"
Change component parameters (AddParameter): Name = "CREO"; Value = "EB"; VariantName = "[No Variations]"
Change component parameters (AddParameter): Name = "Digikey PN"; Value = "311-1019-2-ND"; VariantName = "[No Variations]"
Change component parameters (AddParameter): Name = "Part Number"; Value = "CAP0402_27pF_NP0"; VariantName = "[No Variations]"
Change component parameters (AddParameter): Name = "Precio"; Value = "0"; VariantName = "[No Variations]"
Change component parameters (AddParameter): Name = "Value"; Value = "27pF"; VariantName = "[No Variations]"
Change component parameters: Designator = "C30" ("C30"); Footprint = "0402"; UniqueID = "\NJAAVEHV\NIKWLPMK" ("\NJAAVEHV\NIKWLPMK")
Change component parameters (AddParameter): Name = "APROBO"; Value = ""; VariantName = "[No Variations]"
Change component parameters (AddParameter): Name = "CREO"; Value = "EB"; VariantName = "[No Variations]"
Change component parameters (AddParameter): Name = "Digikey PN"; Value = "490-5936-2-ND"; VariantName = "[No Variations]"
Change component parameters (AddParameter): Name = "Manufacturer"; Value = "Murata"; VariantName = "[No Variations]"
Change component parameters (AddParameter): Name = "Manufacturer #"; Value = "GRM1555C1H330JA01D"; VariantName = "[No Variations]"
Change component parameters (AddParameter): Name = "Part Number"; Value = "CAP0402_33pF_NP0"; VariantName = "[No Variations]"
Change component parameters (AddParameter): Name = "Precio"; Value = "0"; VariantName = "[No Variations]"
Change component parameters (AddParameter): Name = "Value"; Value = "33pF"; VariantName = "[No Variations]"
Change component parameters: Designator = "R28" ("R28"); Footprint = "0402"; UniqueID = "\NJAAVEHV\RDRQTHKY" ("\NJAAVEHV\RDRQTHKY")
Change component parameters (AddParameter): Name = "Aprobo"; Value = "-"; VariantName = "[No Variations]"
Change component parameters (AddParameter): Name = "Digikey PN"; Value = "RMCF0402JT33R0CT-ND"; VariantName = "[No Variations]"
Change component parameters (AddParameter): Name = "Manufacturer"; Value = ""; VariantName = "[No Variations]"
Change component parameters (AddParameter): Name = "Manufacturer #"; Value = ""; VariantName = "[No Variations]"
Change component parameters (AddParameter): Name = "Part Number"; Value = "RES0402_33R_5%"; VariantName = "[No Variations]"
Change component parameters (AddParameter): Name = "Precio"; Value = "0"; VariantName = "[No Variations]"
Change component parameters (AddParameter): Name = "Publico"; Value = "EB"; VariantName = "[No Variations]"
Change component parameters (AddParameter): Name = "Value"; Value = "33R"; VariantName = "[No Variations]"
Change component parameters: Designator = "R31" ("R31"); Footprint = "0402"; UniqueID = "\NJAAVEHV\NPSGYKCO" ("\NJAAVEHV\NPSGYKCO")
Change component parameters (AddParameter): Name = "Aprobo"; Value = "-"; VariantName = "[No Variations]"
Change component parameters (AddParameter): Name = "Digikey PN"; Value = "RMCF0402JT33R0CT-ND"; VariantName = "[No Variations]"
Change component parameters (AddParameter): Name = "Manufacturer"; Value = ""; VariantName = "[No Variations]"
Change component parameters (AddParameter): Name = "Manufacturer #"; Value = ""; VariantName = "[No Variations]"
Change component parameters (AddParameter): Name = "Part Number"; Value = "RES0402_33R_5%"; VariantName = "[No Variations]"
Change component parameters (AddParameter): Name = "Precio"; Value = "0"; VariantName = "[No Variations]"
Change component parameters (AddParameter): Name = "Publico"; Value = "EB"; VariantName = "[No Variations]"
Change component parameters (AddParameter): Name = "Value"; Value = "33R"; VariantName = "[No Variations]"
Change component parameters: Designator = "R32" ("R32"); Footprint = "0402"; UniqueID = "\NJAAVEHV\WGFLKVDO" ("\NJAAVEHV\WGFLKVDO")
Change component parameters (AddParameter): Name = "Aprobo"; Value = "-"; VariantName = "[No Variations]"
Change component parameters (AddParameter): Name = "Digikey PN"; Value = "RMCF0402JT100KCT-ND"; VariantName = "[No Variations]"
Change component parameters (AddParameter): Name = "Manufacturer"; Value = ""; VariantName = "[No Variations]"
Change component parameters (AddParameter): Name = "Manufacturer Part Number"; Value = ""; VariantName = "[No Variations]"
Change component parameters (AddParameter): Name = "Part Number"; Value = "RES0402_100K_5%"; VariantName = "[No Variations]"
Change component parameters (AddParameter): Name = "Precio"; Value = "0"; VariantName = "[No Variations]"
Change component parameters (AddParameter): Name = "Publico"; Value = "EB"; VariantName = "[No Variations]"
Change component parameters (AddParameter): Name = "Supplier 1"; Value = "Digi-Key"; VariantName = "[No Variations]"
Change component parameters (AddParameter): Name = "Supplier Part Number 1"; Value = "RMCF0402JT100KCT-ND"; VariantName = "[No Variations]"
Change component parameters (AddParameter): Name = "Supplier Unit Price 1"; Value = ""; VariantName = "[No Variations]"
Change component parameters (AddParameter): Name = "Value"; Value = "100K"; VariantName = "[No Variations]"
Change component parameters: Designator = "R35" ("R35"); Footprint = "0402"; UniqueID = "\NJAAVEHV\NTJUUTLE" ("\NJAAVEHV\NTJUUTLE")
Change component parameters (AddParameter): Name = "Aprobo"; Value = "-"; VariantName = "[No Variations]"
Change component parameters (AddParameter): Name = "Digikey PN"; Value = "RMCF0402JT33R0CT-ND"; VariantName = "[No Variations]"
Change component parameters (AddParameter): Name = "Manufacturer"; Value = ""; VariantName = "[No Variations]"
Change component parameters (AddParameter): Name = "Manufacturer #"; Value = ""; VariantName = "[No Variations]"
Change component parameters (AddParameter): Name = "Part Number"; Value = "RES0402_33R_5%"; VariantName = "[No Variations]"
Change component parameters (AddParameter): Name = "Precio"; Value = "0"; VariantName = "[No Variations]"
Change component parameters (AddParameter): Name = "Publico"; Value = "EB"; VariantName = "[No Variations]"
Change component parameters (AddParameter): Name = "Value"; Value = "33R"; VariantName = "[No Variations]"
Change component parameters: Designator = "R36" ("R36"); Footprint = "0402"; UniqueID = "\NJAAVEHV\CBFVVNYF" ("\NJAAVEHV\CBFVVNYF")
Change component parameters (AddParameter): Name = "Aprobo"; Value = "-"; VariantName = "[No Variations]"
Change component parameters (AddParameter): Name = "Digikey PN"; Value = "RMCF0402JT33R0CT-ND"; VariantName = "[No Variations]"
Change component parameters (AddParameter): Name = "Manufacturer"; Value = ""; VariantName = "[No Variations]"
Change component parameters (AddParameter): Name = "Manufacturer #"; Value = ""; VariantName = "[No Variations]"
Change component parameters (AddParameter): Name = "Part Number"; Value = "RES0402_33R_5%"; VariantName = "[No Variations]"
Change component parameters (AddParameter): Name = "Precio"; Value = "0"; VariantName = "[No Variations]"
Change component parameters (AddParameter): Name = "Publico"; Value = "EB"; VariantName = "[No Variations]"
Change component parameters (AddParameter): Name = "Value"; Value = "33R"; VariantName = "[No Variations]"
Change component parameters: Designator = "R61" ("R61"); Footprint = "0402"; UniqueID = "\NJAAVEHV\FCHVUKNR" ("\NJAAVEHV\FCHVUKNR")
Change component parameters (AddParameter): Name = "Aprobo"; Value = "-"; VariantName = "[No Variations]"
Change component parameters (AddParameter): Name = "Digikey PN"; Value = "RMCF0402JT33R0CT-ND"; VariantName = "[No Variations]"
Change component parameters (AddParameter): Name = "Manufacturer"; Value = ""; VariantName = "[No Variations]"
Change component parameters (AddParameter): Name = "Manufacturer #"; Value = ""; VariantName = "[No Variations]"
Change component parameters (AddParameter): Name = "Part Number"; Value = "RES0402_33R_5%"; VariantName = "[No Variations]"
Change component parameters (AddParameter): Name = "Precio"; Value = "0"; VariantName = "[No Variations]"
Change component parameters (AddParameter): Name = "Publico"; Value = "EB"; VariantName = "[No Variations]"
Change component parameters (AddParameter): Name = "Value"; Value = "33R"; VariantName = "[No Variations]"
Change component parameters: Designator = "R62" ("R62"); Footprint = "0402"; UniqueID = "\NJAAVEHV\EUHOKTBV" ("\NJAAVEHV\EUHOKTBV")
Change component parameters (AddParameter): Name = "Aprobo"; Value = "-"; VariantName = "[No Variations]"
Change component parameters (AddParameter): Name = "Digikey PN"; Value = "RMCF0402JT100KCT-ND"; VariantName = "[No Variations]"
Change component parameters (AddParameter): Name = "Manufacturer"; Value = ""; VariantName = "[No Variations]"
Change component parameters (AddParameter): Name = "Manufacturer Part Number"; Value = ""; VariantName = "[No Variations]"
Change component parameters (AddParameter): Name = "Part Number"; Value = "RES0402_100K_5%"; VariantName = "[No Variations]"
Change component parameters (AddParameter): Name = "Precio"; Value = "0"; VariantName = "[No Variations]"
Change component parameters (AddParameter): Name = "Publico"; Value = "EB"; VariantName = "[No Variations]"
Change component parameters (AddParameter): Name = "Supplier 1"; Value = "Digi-Key"; VariantName = "[No Variations]"
Change component parameters (AddParameter): Name = "Supplier Part Number 1"; Value = "RMCF0402JT100KCT-ND"; VariantName = "[No Variations]"
Change component parameters (AddParameter): Name = "Supplier Unit Price 1"; Value = ""; VariantName = "[No Variations]"
Change component parameters (AddParameter): Name = "Value"; Value = "100K"; VariantName = "[No Variations]"
Change component parameters: Designator = "R63" ("R63"); Footprint = "0402"; UniqueID = "\NJAAVEHV\RBRIVMOS" ("\NJAAVEHV\RBRIVMOS")
Change component parameters (AddParameter): Name = "Aprobo"; Value = "-"; VariantName = "[No Variations]"
Change component parameters (AddParameter): Name = "Digikey PN"; Value = "RMCF0402JT4K70CT-ND"; VariantName = "[No Variations]"
Change component parameters (AddParameter): Name = "Manufacturer"; Value = "Stackpole Electronics Inc"; VariantName = "[No Variations]"
Change component parameters (AddParameter): Name = "Manufacturer #"; Value = ""; VariantName = "[No Variations]"
Change component parameters (AddParameter): Name = "Manufacturer Part Number"; Value = "RMCF0402JT4K70"; VariantName = "[No Variations]"
Change component parameters (AddParameter): Name = "Part Number"; Value = "RES0402_4K7_5%"; VariantName = "[No Variations]"
Change component parameters (AddParameter): Name = "Precio"; Value = "0"; VariantName = "[No Variations]"
Change component parameters (AddParameter): Name = "Publico"; Value = "EB"; VariantName = "[No Variations]"
Change component parameters (AddParameter): Name = "Supplier 1"; Value = "Digi-Key"; VariantName = "[No Variations]"
Change component parameters (AddParameter): Name = "Supplier Part Number 1"; Value = "RMCF0402JT4K70CT-ND"; VariantName = "[No Variations]"
Change component parameters (AddParameter): Name = "Supplier Unit Price 1"; Value = ""; VariantName = "[No Variations]"
Change component parameters (AddParameter): Name = "Value"; Value = "4K7"; VariantName = "[No Variations]"
Change component parameters: Designator = "R64" ("R64"); Footprint = "0402"; UniqueID = "\NJAAVEHV\JVBTXDHC" ("\NJAAVEHV\JVBTXDHC")
Change component parameters (AddParameter): Name = "Aprobo"; Value = "-"; VariantName = "[No Variations]"
Change component parameters (AddParameter): Name = "Digikey PN"; Value = "RMCF0402JT4K70CT-ND"; VariantName = "[No Variations]"
Change component parameters (AddParameter): Name = "Manufacturer"; Value = "Stackpole Electronics Inc"; VariantName = "[No Variations]"
Change component parameters (AddParameter): Name = "Manufacturer #"; Value = ""; VariantName = "[No Variations]"
Change component parameters (AddParameter): Name = "Manufacturer Part Number"; Value = "RMCF0402JT4K70"; VariantName = "[No Variations]"
Change component parameters (AddParameter): Name = "Part Number"; Value = "RES0402_4K7_5%"; VariantName = "[No Variations]"
Change component parameters (AddParameter): Name = "Precio"; Value = "0"; VariantName = "[No Variations]"
Change component parameters (AddParameter): Name = "Publico"; Value = "EB"; VariantName = "[No Variations]"
Change component parameters (AddParameter): Name = "Supplier 1"; Value = "Digi-Key"; VariantName = "[No Variations]"
Change component parameters (AddParameter): Name = "Supplier Part Number 1"; Value = "RMCF0402JT4K70CT-ND"; VariantName = "[No Variations]"
Change component parameters (AddParameter): Name = "Supplier Unit Price 1"; Value = ""; VariantName = "[No Variations]"
Change component parameters (AddParameter): Name = "Value"; Value = "4K7"; VariantName = "[No Variations]"
Change component parameters: Designator = "U4" ("U4"); Footprint = "SO8"; UniqueID = "\NJAAVEHV\UTOGOMWA" ("\NJAAVEHV\UTOGOMWA")
Change component parameters (AddParameter): Name = "Aprobo"; Value = "-"; VariantName = "[No Variations]"
Change component parameters (AddParameter): Name = "Manufacturer"; Value = "NXP USA Inc."; VariantName = "[No Variations]"
Change component parameters (AddParameter): Name = "Manufacturer Part Number"; Value = "MK20DX128VFM5"; VariantName = "[No Variations]"
Change component parameters (AddParameter): Name = "Part Number"; Value = "MK20DX128VFM5"; VariantName = "[No Variations]"
Change component parameters (AddParameter): Name = "Publico"; Value = "AP"; VariantName = "[No Variations]"
Change component parameters (AddParameter): Name = "Supplier 1"; Value = "Digi-Key"; VariantName = "[No Variations]"
Change component parameters (AddParameter): Name = "Supplier Part Number 1"; Value = "MK20DX128VFM5-ND"; VariantName = "[No Variations]"
Change component parameters (AddParameter): Name = "Supplier Unit Price 1"; Value = ""; VariantName = "[No Variations]"
Change component parameters (AddParameter): Name = "Value"; Value = "MK20DX128VFM5"; VariantName = "[No Variations]"
Change component parameters: Designator = "Y2" ("Y2"); Footprint = "FSXLF"; UniqueID = "\NJAAVEHV\IDYHFGBN" ("\NJAAVEHV\IDYHFGBN")
Change component parameters (AddParameter): Name = "APROBO"; Value = ""; VariantName = "[No Variations]"
Change component parameters (AddParameter): Name = "CREO"; Value = "AP"; VariantName = "[No Variations]"
Change component parameters (AddParameter): Name = "Manufacturer"; Value = "ECS Inc."; VariantName = "[No Variations]"
Change component parameters (AddParameter): Name = "Manufacturer Part Number"; Value = "ECS-.327-12.5-1210-TR"; VariantName = "[No Variations]"
Change component parameters (AddParameter): Name = "Part Number"; Value = "XTAL_32768_XC2282CT"; VariantName = "[No Variations]"
Change component parameters (AddParameter): Name = "Supplier 1"; Value = "Digi-Key"; VariantName = "[No Variations]"
Change component parameters (AddParameter): Name = "Supplier Part Number 1"; Value = "XC2282CT-ND"; VariantName = "[No Variations]"
Change component parameters (AddParameter): Name = "Supplier Unit Price 1"; Value = ""; VariantName = "[No Variations]"
Change component parameters (AddParameter): Name = "Value"; Value = "32.768KHz"; VariantName = "[No Variations]"
Added Component: Designator=C40(0402)
Add component (AddParameter): Name = "APROBO"; Value = ""; VariantName = "[No Variations]"
Add component (AddParameter): Name = "CREO"; Value = "LL"; VariantName = "[No Variations]"
Add component (AddParameter): Name = "Digikey PN"; Value = "445-5932-2-ND"; VariantName = "[No Variations]"
Add component (AddParameter): Name = "Manufacturer"; Value = "TDK Corporation"; VariantName = "[No Variations]"
Add component (AddParameter): Name = "Manufacturer Part Number"; Value = "C1005X7R1H104K050BB"; VariantName = "[No Variations]"
Add component (AddParameter): Name = "Part Number"; Value = "CAP0402_100nF_50V_X7R"; VariantName = "[No Variations]"
Add component (AddParameter): Name = "Precio"; Value = "0"; VariantName = "[No Variations]"
Add component (AddParameter): Name = "Supplier 1"; Value = "Digi-Key"; VariantName = "[No Variations]"
Add component (AddParameter): Name = "Supplier Part Number 1"; Value = "445-5932-2-ND"; VariantName = "[No Variations]"
Add component (AddParameter): Name = "Supplier Unit Price 1"; Value = ""; VariantName = "[No Variations]"
Add component (AddParameter): Name = "Value"; Value = "100nF"; VariantName = "[No Variations]"
Added Component: Designator=C41(0402)
Add component (AddParameter): Name = "APROBO"; Value = ""; VariantName = "[No Variations]"
Add component (AddParameter): Name = "CREO"; Value = "LL"; VariantName = "[No Variations]"
Add component (AddParameter): Name = "Digikey PN"; Value = "445-5932-2-ND"; VariantName = "[No Variations]"
Add component (AddParameter): Name = "Manufacturer"; Value = "TDK Corporation"; VariantName = "[No Variations]"
Add component (AddParameter): Name = "Manufacturer Part Number"; Value = "C1005X7R1H104K050BB"; VariantName = "[No Variations]"
Add component (AddParameter): Name = "Part Number"; Value = "CAP0402_100nF_50V_X7R"; VariantName = "[No Variations]"
Add component (AddParameter): Name = "Precio"; Value = "0"; VariantName = "[No Variations]"
Add component (AddParameter): Name = "Supplier 1"; Value = "Digi-Key"; VariantName = "[No Variations]"
Add component (AddParameter): Name = "Supplier Part Number 1"; Value = "445-5932-2-ND"; VariantName = "[No Variations]"
Add component (AddParameter): Name = "Supplier Unit Price 1"; Value = ""; VariantName = "[No Variations]"
Add component (AddParameter): Name = "Value"; Value = "100nF"; VariantName = "[No Variations]"
Added Component: Designator=C42(0402)
Add component (AddParameter): Name = "APROBO"; Value = ""; VariantName = "[No Variations]"
Add component (AddParameter): Name = "CREO"; Value = "EB"; VariantName = "[No Variations]"
Add component (AddParameter): Name = "Manufacturer"; Value = "TDK Corporation"; VariantName = "[No Variations]"
Add component (AddParameter): Name = "Manufacturer Part Number"; Value = "C1005X5R0J225M050BC"; VariantName = "[No Variations]"
Add component (AddParameter): Name = "Part Number"; Value = "CAP0402_2.2uF_6V3_X5R"; VariantName = "[No Variations]"
Add component (AddParameter): Name = "Supplier 1"; Value = "Digi-Key"; VariantName = "[No Variations]"
Add component (AddParameter): Name = "Supplier Part Number 1"; Value = "445-4999-2-ND"; VariantName = "[No Variations]"
Add component (AddParameter): Name = "Supplier Unit Price 1"; Value = ""; VariantName = "[No Variations]"
Add component (AddParameter): Name = "Value"; Value = "2.2uF 6V3"; VariantName = "[No Variations]"
Added Component: Designator=C43(0402)
Add component (AddParameter): Name = "APROBO"; Value = ""; VariantName = "[No Variations]"
Add component (AddParameter): Name = "CREO"; Value = "EB"; VariantName = "[No Variations]"
Add component (AddParameter): Name = "Digikey PN"; Value = "445-6850-2-ND"; VariantName = "[No Variations]"
Add component (AddParameter): Name = "Manufacturer"; Value = "TDK Corporation"; VariantName = "[No Variations]"
Add component (AddParameter): Name = "Manufacturer Part Number"; Value = "C1005X7R1H103K050BB"; VariantName = "[No Variations]"
Add component (AddParameter): Name = "Part Number"; Value = "CAP0402_10nF_X7R"; VariantName = "[No Variations]"
Add component (AddParameter): Name = "Precio"; Value = "0"; VariantName = "[No Variations]"
Add component (AddParameter): Name = "Supplier 1"; Value = "Digi-Key"; VariantName = "[No Variations]"
Add component (AddParameter): Name = "Supplier Part Number 1"; Value = "445-6850-2-ND"; VariantName = "[No Variations]"
Add component (AddParameter): Name = "Supplier Unit Price 1"; Value = ""; VariantName = "[No Variations]"
Add component (AddParameter): Name = "Value"; Value = "10nF"; VariantName = "[No Variations]"
Added Component: Designator=C44(0402)
Add component (AddParameter): Name = "APROBO"; Value = ""; VariantName = "[No Variations]"
Add component (AddParameter): Name = "CREO"; Value = "LL"; VariantName = "[No Variations]"
Add component (AddParameter): Name = "Digikey PN"; Value = "445-5932-2-ND"; VariantName = "[No Variations]"
Add component (AddParameter): Name = "Manufacturer"; Value = "TDK Corporation"; VariantName = "[No Variations]"
Add component (AddParameter): Name = "Manufacturer Part Number"; Value = "C1005X7R1H104K050BB"; VariantName = "[No Variations]"
Add component (AddParameter): Name = "Part Number"; Value = "CAP0402_100nF_50V_X7R"; VariantName = "[No Variations]"
Add component (AddParameter): Name = "Precio"; Value = "0"; VariantName = "[No Variations]"
Add component (AddParameter): Name = "Supplier 1"; Value = "Digi-Key"; VariantName = "[No Variations]"
Add component (AddParameter): Name = "Supplier Part Number 1"; Value = "445-5932-2-ND"; VariantName = "[No Variations]"
Add component (AddParameter): Name = "Supplier Unit Price 1"; Value = ""; VariantName = "[No Variations]"
Add component (AddParameter): Name = "Value"; Value = "100nF"; VariantName = "[No Variations]"
Added Component: Designator=C45(0402)
Add component (AddParameter): Name = "APROBO"; Value = ""; VariantName = "[No Variations]"
Add component (AddParameter): Name = "CREO"; Value = "LL"; VariantName = "[No Variations]"
Add component (AddParameter): Name = "Digikey PN"; Value = "445-5932-2-ND"; VariantName = "[No Variations]"
Add component (AddParameter): Name = "Manufacturer"; Value = "TDK Corporation"; VariantName = "[No Variations]"
Add component (AddParameter): Name = "Manufacturer Part Number"; Value = "C1005X7R1H104K050BB"; VariantName = "[No Variations]"
Add component (AddParameter): Name = "Part Number"; Value = "CAP0402_100nF_50V_X7R"; VariantName = "[No Variations]"
Add component (AddParameter): Name = "Precio"; Value = "0"; VariantName = "[No Variations]"
Add component (AddParameter): Name = "Supplier 1"; Value = "Digi-Key"; VariantName = "[No Variations]"
Add component (AddParameter): Name = "Supplier Part Number 1"; Value = "445-5932-2-ND"; VariantName = "[No Variations]"
Add component (AddParameter): Name = "Supplier Unit Price 1"; Value = ""; VariantName = "[No Variations]"
Add component (AddParameter): Name = "Value"; Value = "100nF"; VariantName = "[No Variations]"
Added Component: Designator=D5(SOT23-6)
Add component (AddParameter): Name = "APROBO"; Value = ""; VariantName = "[No Variations]"
Add component (AddParameter): Name = "CREO"; Value = "EB"; VariantName = "[No Variations]"
Add component (AddParameter): Name = "Digikey PN"; Value = "497-5235-2-ND"; VariantName = "[No Variations]"
Add component (AddParameter): Name = "Manufacturer"; Value = ""; VariantName = "[No Variations]"
Add component (AddParameter): Name = "Manufacturer #"; Value = ""; VariantName = "[No Variations]"
Add component (AddParameter): Name = "Part Number"; Value = "USBLC6-2_SOT23-6"; VariantName = "[No Variations]"
Add component (AddParameter): Name = "Precio"; Value = "0"; VariantName = "[No Variations]"
Add component (AddParameter): Name = "Value"; Value = "USBLC6-2SC6"; VariantName = "[No Variations]"
Added Component: Designator=J25(SIP5_MM)
Add component (AddParameter): Name = "Aprobo"; Value = "-"; VariantName = "[No Variations]"
Add component (AddParameter): Name = "Manufacturer"; Value = ""; VariantName = "[No Variations]"
Add component (AddParameter): Name = "Manufacturer Part Number"; Value = ""; VariantName = "[No Variations]"
Add component (AddParameter): Name = "Part Number"; Value = "HEADER_5POS_2MM"; VariantName = "[No Variations]"
Add component (AddParameter): Name = "Publico"; Value = "EB"; VariantName = "[No Variations]"
Add component (AddParameter): Name = "Supplier 1"; Value = "OUPIIN"; VariantName = "[No Variations]"
Add component (AddParameter): Name = "Supplier Part Number 1"; Value = ""; VariantName = "[No Variations]"
Add component (AddParameter): Name = "Supplier Unit Price 1"; Value = ""; VariantName = "[No Variations]"
Add component (AddParameter): Name = "Value"; Value = "2111-1X5G00SB"; VariantName = "[No Variations]"
Added Component: Designator=J26(SIP5_MM)
Add component (AddParameter): Name = "Aprobo"; Value = "-"; VariantName = "[No Variations]"
Add component (AddParameter): Name = "Manufacturer"; Value = "Harwin"; VariantName = "[No Variations]"
Add component (AddParameter): Name = "Manufacturer Part Number"; Value = "M22-2510505"; VariantName = "[No Variations]"
Add component (AddParameter): Name = "Part Number"; Value = "HEADER_5POS_2MM"; VariantName = "[No Variations]"
Add component (AddParameter): Name = "Publico"; Value = "EB"; VariantName = "[No Variations]"
Add component (AddParameter): Name = "Supplier 1"; Value = "Digi-Key"; VariantName = "[No Variations]"
Add component (AddParameter): Name = "Supplier Part Number 1"; Value = "952-1314-ND"; VariantName = "[No Variations]"
Add component (AddParameter): Name = "Supplier Unit Price 1"; Value = ""; VariantName = "[No Variations]"
Add component (AddParameter): Name = "Value"; Value = "2111-1X5G00SB"; VariantName = "[No Variations]"
Added Component: Designator=L3(0603)
Add component (AddParameter): Name = "Aprobo"; Value = "-"; VariantName = "[No Variations]"
Add component (AddParameter): Name = "Manufacturer"; Value = ""; VariantName = "[No Variations]"
Add component (AddParameter): Name = "Manufacturer Part Number"; Value = ""; VariantName = "[No Variations]"
Add component (AddParameter): Name = "Part Number"; Value = "IND0603_100@100MHz"; VariantName = "[No Variations]"
Add component (AddParameter): Name = "Publico"; Value = "EB"; VariantName = "[No Variations]"
Add component (AddParameter): Name = "Supplier 1"; Value = "Digi-Key"; VariantName = "[No Variations]"
Add component (AddParameter): Name = "Supplier Part Number 1"; Value = "445-2988-1-ND"; VariantName = "[No Variations]"
Add component (AddParameter): Name = "Supplier Unit Price 1"; Value = ""; VariantName = "[No Variations]"
Add component (AddParameter): Name = "Value"; Value = "100R@100MHz"; VariantName = "[No Variations]"
Added Component: Designator=L4(0603)
Add component (AddParameter): Name = "Aprobo"; Value = "-"; VariantName = "[No Variations]"
Add component (AddParameter): Name = "Digikey PN"; Value = "490-5978-1-ND"; VariantName = "[No Variations]"
Add component (AddParameter): Name = "Manufacturer"; Value = "Murata"; VariantName = "[No Variations]"
Add component (AddParameter): Name = "Manufacturer #"; Value = "BLM18EG101TN1D"; VariantName = "[No Variations]"
Add component (AddParameter): Name = "Part Number"; Value = "IND0603_100_2A@100MHz"; VariantName = "[No Variations]"
Add component (AddParameter): Name = "Precio"; Value = "0"; VariantName = "[No Variations]"
Add component (AddParameter): Name = "Publico"; Value = "EB"; VariantName = "[No Variations]"
Add component (AddParameter): Name = "Value"; Value = "100R@100MHz"; VariantName = "[No Variations]"
Added Component: Designator=L5(0603)
Add component (AddParameter): Name = "Aprobo"; Value = "-"; VariantName = "[No Variations]"
Add component (AddParameter): Name = "Manufacturer"; Value = ""; VariantName = "[No Variations]"
Add component (AddParameter): Name = "Manufacturer Part Number"; Value = ""; VariantName = "[No Variations]"
Add component (AddParameter): Name = "Part Number"; Value = "IND0603_100@100MHz"; VariantName = "[No Variations]"
Add component (AddParameter): Name = "Publico"; Value = "EB"; VariantName = "[No Variations]"
Add component (AddParameter): Name = "Supplier 1"; Value = "Digi-Key"; VariantName = "[No Variations]"
Add component (AddParameter): Name = "Supplier Part Number 1"; Value = "445-2988-1-ND"; VariantName = "[No Variations]"
Add component (AddParameter): Name = "Supplier Unit Price 1"; Value = ""; VariantName = "[No Variations]"
Add component (AddParameter): Name = "Value"; Value = "100R@100MHz"; VariantName = "[No Variations]"
Added Component: Designator=Q10(SOT23)
Add component (AddParameter): Name = "Aprobo"; Value = "-"; VariantName = "[No Variations]"
Add component (AddParameter): Name = "Digikey PN"; Value = "FDN360PCT-ND"; VariantName = "[No Variations]"
Add component (AddParameter): Name = "Manufacturer"; Value = ""; VariantName = "[No Variations]"
Add component (AddParameter): Name = "Manufacturer Part Number"; Value = ""; VariantName = "[No Variations]"
Add component (AddParameter): Name = "Part Number"; Value = "FDN360P_SOT23"; VariantName = "[No Variations]"
Add component (AddParameter): Name = "Precio"; Value = "0"; VariantName = "[No Variations]"
Add component (AddParameter): Name = "Publico"; Value = "EB"; VariantName = "[No Variations]"
Add component (AddParameter): Name = "Supplier 1"; Value = "Digi-Key"; VariantName = "[No Variations]"
Add component (AddParameter): Name = "Supplier Part Number 1"; Value = "FDN360PCT-ND"; VariantName = "[No Variations]"
Add component (AddParameter): Name = "Supplier Unit Price 1"; Value = ""; VariantName = "[No Variations]"
Add component (AddParameter): Name = "Value"; Value = "FDN360P"; VariantName = "[No Variations]"
Added Pin To Net: NetName=3V3 Pin=C24-1
Added Pin To Net: NetName=GND Pin=C24-2
Added Pin To Net: NetName=3V3 Pin=C25-1
Added Pin To Net: NetName=GND Pin=C25-2
Added Pin To Net: NetName=3V3 Pin=C40-1
Added Pin To Net: NetName=GND Pin=C40-2
Added Pin To Net: NetName=GND Pin=C41-1
Added Pin To Net: NetName=GND Pin=C42-2
Added Pin To Net: NetName=GND Pin=C45-1
Added Pin To Net: NetName=GND Pin=D5-2
Added Pin To Net: NetName=GND Pin=J25-1
Added Pin To Net: NetName=GND Pin=J25-2
Added Pin To Net: NetName=GND Pin=J26-1
Added Pin To Net: NetName=3V3 Pin=J26-5
Added Pin To Net: NetName=3V3 Pin=L3-2
Added Pin To Net: NetName=GND Pin=L5-2
Added Pin To Net: NetName=3V3 Pin=Q10-3
Added Pin To Net: NetName=GND Pin=R28-1
Added Pin To Net: NetName=3V3_SW_MCU Pin=R28-2
Added Pin To Net: NetName=3V3_SW_PERI Pin=R31-2
Added Pin To Net: NetName=GND Pin=R35-1
Added Pin To Net: NetName=NetBAT1_1 Pin=R62-2
Added Pin To Net: NetName=3V3 Pin=R64-2
Added Pin To Net: NetName=NetU2_3 Pin=U3-7
Added Pin To Net: NetName=3V3 Pin=U4-1
Added Pin To Net: NetName=GND Pin=U4-2
Added Pin To Net: NetName=NetBAT1_1 Pin=U4-11
Added Pin To Net: NetName=NetDZ3_2 Pin=U4-17
Added Pin To Net: NetName=I2C_SCL Pin=U4-20
Added Pin To Net: NetName=I2C_SDA Pin=U4-21
Added Pin To Net: NetName=NetR5_1 Pin=U4-22
Added Pin To Net: NetName=NetR17_2 Pin=U4-23
Added Pin To Net: NetName=NetR57_2 Pin=U4-24
Added Pin To Net: NetName=ACC_ISR Pin=U4-25
Added Pin To Net: NetName=NetQ5_3 Pin=U4-26
Added Pin To Net: NetName=NetQ5_6 Pin=U4-27
Added Pin To Net: NetName=3V3_SW_PERI Pin=U4-28
Added Pin To Net: NetName=3V3_SW_MCU Pin=U4-29
Added Pin To Net: NetName=NetR21_1 Pin=U4-30
Added Pin To Net: NetName=GPIO_ISR Pin=U4-31
Added Pin To Net: NetName=RSCAN0 Pin=U4-32
Added Pin To Net: NetName=3V3_ESP Pin=C18-2
Added Pin To Net: NetName=3V3_ESP Pin=C19-1
Added Pin To Net: NetName=3V3_ESP Pin=C20-1
Added Pin To Net: NetName=3V3_ESP Pin=J8-1
Added Pin To Net: NetName=3V3_ESP Pin=J9-5
Added Pin To Net: NetName=3V3_ESP Pin=Q10-2
Added Pin To Net: NetName=3V3_ESP Pin=R26-2
Added Pin To Net: NetName=3V3_ESP Pin=R27-2
Added Pin To Net: NetName=3V3_ESP Pin=R62-1
Added Pin To Net: NetName=3V3_ESP Pin=U3-2
Added Net: Name=3V3_ESP
Added Pin To Net: NetName=3V3_SW_ESP Pin=Q10-1
Added Pin To Net: NetName=3V3_SW_ESP Pin=R32-1
Added Pin To Net: NetName=3V3_SW_ESP Pin=R35-2
Added Net: Name=3V3_SW_ESP
Added Pin To Net: NetName=NetC41_2 Pin=C41-2
Added Pin To Net: NetName=NetC41_2 Pin=C42-1
Added Pin To Net: NetName=NetC41_2 Pin=U4-5
Added Net: Name=NetC41_2
Added Pin To Net: NetName=NetD5_4 Pin=D5-4
Added Pin To Net: NetName=NetD5_4 Pin=R61-1
Added Net: Name=NetD5_4
Added Pin To Net: NetName=NetD5_6 Pin=D5-6
Added Pin To Net: NetName=NetD5_6 Pin=R36-1
Added Net: Name=NetD5_6
Added Pin To Net: NetName=NetR31_1 Pin=R31-1
Added Pin To Net: NetName=NetR31_1 Pin=U3-6
Added Net: Name=NetR31_1
Added Pin To Net: NetName=NetU4_9 Pin=U4-9
Added Pin To Net: NetName=NetU4_9 Pin=Y2-2
Added Net: Name=NetU4_9
Added Pin To Net: NetName=NetU4_10 Pin=U4-10
Added Pin To Net: NetName=NetU4_10 Pin=Y2-1
Added Net: Name=NetU4_10
Added Pin To Net: NetName=RESET Pin=C45-2
Added Pin To Net: NetName=RESET Pin=J26-4
Added Pin To Net: NetName=RESET Pin=R64-1
Added Pin To Net: NetName=RESET Pin=U4-19
Added Net: Name=RESET
Added Pin To Net: NetName=TCK Pin=J26-2
Added Pin To Net: NetName=TCK Pin=U4-12
Added Net: Name=TCK
Added Pin To Net: NetName=TMS Pin=J26-3
Added Pin To Net: NetName=TMS Pin=R63-1
Added Pin To Net: NetName=TMS Pin=U4-15
Added Net: Name=TMS
Added Pin To Net: NetName=USB_D_MCU_N Pin=D5-3
Added Pin To Net: NetName=USB_D_MCU_N Pin=J25-4
Added Net: Name=USB_D_MCU_N
Added Pin To Net: NetName=USB_D_MCU_P Pin=D5-1
Added Pin To Net: NetName=USB_D_MCU_P Pin=J25-3
Added Net: Name=USB_D_MCU_P
Added Pin To Net: NetName=USB_MCU_N Pin=R61-2
Added Pin To Net: NetName=USB_MCU_N Pin=U4-4
Added Net: Name=USB_MCU_N
Added Pin To Net: NetName=USB_MCU_P Pin=R36-2
Added Pin To Net: NetName=USB_MCU_P Pin=U4-3
Added Net: Name=USB_MCU_P
Added Pin To Net: NetName=V_USB_FILTRADA_MCU Pin=C28-1
Added Pin To Net: NetName=V_USB_FILTRADA_MCU Pin=C29-1
Added Pin To Net: NetName=V_USB_FILTRADA_MCU Pin=C30-1
Added Pin To Net: NetName=V_USB_FILTRADA_MCU Pin=L4-2
Added Pin To Net: NetName=V_USB_FILTRADA_MCU Pin=U4-6
Added Net: Name=V_USB_FILTRADA_MCU
Added Pin To Net: NetName=V_USB_MCU Pin=C27-1
Added Pin To Net: NetName=V_USB_MCU Pin=D5-5
Added Pin To Net: NetName=V_USB_MCU Pin=J25-5
Added Pin To Net: NetName=V_USB_MCU Pin=L4-1
Added Net: Name=V_USB_MCU
Added Pin To Net: NetName=VDDA Pin=C43-1
Added Pin To Net: NetName=VDDA Pin=C44-1
Added Pin To Net: NetName=VDDA Pin=L3-1
Added Pin To Net: NetName=VDDA Pin=U4-7
Added Net: Name=VDDA
Added Pin To Net: NetName=VSSA Pin=C43-2
Added Pin To Net: NetName=VSSA Pin=C44-2
Added Pin To Net: NetName=VSSA Pin=L5-1
Added Pin To Net: NetName=VSSA Pin=U4-8
Added Net: Name=VSSA
Added Differential Pair: Name=USB_D_MCU
Added Differential Pair: Name=USB_MCU
Added Member To Class: ClassName=U_M5_Display_MCU Member=Component C40 100nF
Added Member To Class: ClassName=U_M5_Display_MCU Member=Component C41 100nF
Added Member To Class: ClassName=U_M5_Display_MCU Member=Component C42 2.2uF 6V3
Added Member To Class: ClassName=U_M5_Display_MCU Member=Component C43 10nF
Added Member To Class: ClassName=U_M5_Display_MCU Member=Component C44 100nF
Added Member To Class: ClassName=U_M5_Display_MCU Member=Component C45 100nF
Added Member To Class: ClassName=U_M5_Display_MCU Member=Component D5 USBLC6-2SC6
Added Member To Class: ClassName=U_M5_Display_MCU Member=Component J25 2111-1X5G00SB
Added Member To Class: ClassName=U_M5_Display_MCU Member=Component J26 2111-1X5G00SB
Added Member To Class: ClassName=U_M5_Display_MCU Member=Component L3 100R@100MHz
Added Member To Class: ClassName=U_M5_Display_MCU Member=Component L4 100R@100MHz
Added Member To Class: ClassName=U_M5_Display_MCU Member=Component L5 100R@100MHz
Added Member To Class: ClassName=U_M5_Display_MCU Member=Component Q10 FDN360P
