Change Component Designator: Old Designator=C9 New Designator=C15
Change Component Designator: Old Designator=C10 New Designator=C16
Change Component Designator: Old Designator=C11 New Designator=C17
Change Component Designator: Old Designator=DZ3 New Designator=DZ4
Change Component Designator: Old Designator=DZ6 New Designator=DZ5
Change Component Designator: Old Designator=DZ7 New Designator=DZ6
Change Component Designator: Old Designator=J4 New Designator=J3
Change Component Designator: Old Designator=J5 New Designator=J4
Change Component Designator: Old Designator=J6 New Designator=J5
Change Component Designator: Old Designator=J7 New Designator=J6
Change Component Designator: Old Designator=J8 New Designator=J7
Change Component Designator: Old Designator=Q9 New Designator=Q4
Change Component Designator: Old Designator=Q10 New Designator=Q5
Change Component Designator: Old Designator=R10 New Designator=R21
Change Component Designator: Old Designator=R25 New Designator=R20
Change Component Designator: Old Designator=R26 New Designator=R18
Change Component Designator: Old Designator=R27 New Designator=R19
Change Component Designator: Old Designator=R28 New Designator=R22
Change Component Designator: Old Designator=R29 New Designator=R23
Change Component Designator: Old Designator=R30 New Designator=R24
Change Component Designator: Old Designator=R33 New Designator=R25
