Change Component Designator: Old Designator=C33 New Designator=C1
Change Component Designator: Old Designator=C46 New Designator=C2
Change Component Designator: Old Designator=C49 New Designator=C3
Change Component Designator: Old Designator=C50 New Designator=C6
Change Component Designator: Old Designator=C51 New Designator=C7
Change Component Designator: Old Designator=C52 New Designator=C8
Change Component Designator: Old Designator=C53 New Designator=C9
Change Component Designator: Old Designator=C54 New Designator=C10
Change Component Designator: Old Designator=C55 New Designator=C4
Change Component Designator: Old Designator=C58 New Designator=C5
Change Component Designator: Old Designator=DZ2 New Designator=DZ1
Change Component Designator: Old Designator=DZ3 New Designator=DZ2
Change Component Designator: Old Designator=L5 New Designator=L1
Change Component Designator: Old Designator=R2 New Designator=R1
Change Component Designator: Old Designator=R3 New Designator=R2
Change Component Designator: Old Designator=R5 New Designator=R3
Change Component Designator: Old Designator=R8 New Designator=R4
Change Component Designator: Old Designator=R9 New Designator=R6
Change Component Designator: Old Designator=R10 New Designator=R5
Change Component Designator: Old Designator=R52 New Designator=R7
Change Component Designator: Old Designator=R53 New Designator=R8
Change Component Designator: Old Designator=R54 New Designator=R9
Change Component Designator: Old Designator=R55 New Designator=R10
Change Component Designator: Old Designator=R56 New Designator=R11
Change Component Designator: Old Designator=R57 New Designator=R12
Change Component Designator: Old Designator=U7 New Designator=U1
