Change Component Designator: Old Designator=C2 New Designator=C22
Change Component Designator: Old Designator=C5 New Designator=C18
Change Component Designator: Old Designator=C6 New Designator=C19
Change Component Designator: Old Designator=C7 New Designator=C20
Change Component Designator: Old Designator=C8 New Designator=C23
Change Component Designator: Old Designator=C9 New Designator=C21
Change Component Designator: Old Designator=C17 New Designator=C26
Change Component Designator: Old Designator=C20 New Designator=C24
Change Component Designator: Old Designator=C20 New Designator=C25
Change Component Designator: Old Designator=C20 New Designator=C29
Change Component Designator: Old Designator=C21 New Designator=C27
Change Component Designator: Old Designator=C22 New Designator=C28
Change Component Designator: Old Designator=C23 New Designator=C30
Change Component Designator: Old Designator=D7 New Designator=D2
Change Component Designator: Old Designator=J2 New Designator=J8
Change Component Designator: Old Designator=Q11 New Designator=Q6
Change Component Designator: Old Designator=Q11 New Designator=Q7
Change Component Designator: Old Designator=R7 New Designator=R33
Change Component Designator: Old Designator=R8 New Designator=R28
Change Component Designator: Old Designator=R8 New Designator=R34
Change Component Designator: Old Designator=R10 New Designator=R27
Change Component Designator: Old Designator=R38 New Designator=R29
Change Component Designator: Old Designator=R38 New Designator=R30
Change Component Designator: Old Designator=R43 New Designator=R26
Change Component Designator: Old Designator=R43 New Designator=R31
Change Component Designator: Old Designator=R43 New Designator=R32
Change Component Designator: Old Designator=R43 New Designator=R35
Change Component Designator: Old Designator=R44 New Designator=R36
Change Component Designator: Old Designator=U8 New Designator=U6
Change Component Designator: Old Designator=U21 New Designator=U5
Change Component Designator: Old Designator=Y2 New Designator=Y1
