Change Component Designator: Old Designator=C1 New Designator=C37
Change Component Designator: Old Designator=C3 New Designator=C38
Change Component Designator: Old Designator=C4 New Designator=C39
Change Component Designator: Old Designator=C24 New Designator=C31
Change Component Designator: Old Designator=C25 New Designator=C32
Change Component Designator: Old Designator=C26 New Designator=C33
Change Component Designator: Old Designator=C27 New Designator=C34
Change Component Designator: Old Designator=C28 New Designator=C35
Change Component Designator: Old Designator=C29 New Designator=C36
Change Component Designator: Old Designator=DZ5 New Designator=DZ7
Change Component Designator: Old Designator=J11 New Designator=J10
Change Component Designator: Old Designator=J12 New Designator=J11
Change Component Designator: Old Designator=J13 New Designator=J12
Change Component Designator: Old Designator=J14 New Designator=J13
Change Component Designator: Old Designator=J15 New Designator=J14
Change Component Designator: Old Designator=J16 New Designator=J15
Change Component Designator: Old Designator=J17 New Designator=J16
Change Component Designator: Old Designator=J18 New Designator=J17
Change Component Designator: Old Designator=J19 New Designator=J18
Change Component Designator: Old Designator=J20 New Designator=J19
Change Component Designator: Old Designator=J21 New Designator=J20
Change Component Designator: Old Designator=J22 New Designator=J21
Change Component Designator: Old Designator=J23 New Designator=J22
Change Component Designator: Old Designator=J24 New Designator=J23
Change Component Designator: Old Designator=J25 New Designator=J24
Change Component Designator: Old Designator=Q12 New Designator=Q8
Change Component Designator: Old Designator=Q13 New Designator=Q9
Change Component Designator: Old Designator=R4 New Designator=R47
Change Component Designator: Old Designator=R4 New Designator=R48
Change Component Designator: Old Designator=R14 New Designator=R44
Change Component Designator: Old Designator=R15 New Designator=R45
Change Component Designator: Old Designator=R16 New Designator=R46
Change Component Designator: Old Designator=R17 New Designator=R49
Change Component Designator: Old Designator=R18 New Designator=R50
Change Component Designator: Old Designator=R19 New Designator=R52
Change Component Designator: Old Designator=R45 New Designator=R37
Change Component Designator: Old Designator=R46 New Designator=R38
Change Component Designator: Old Designator=R47 New Designator=R39
Change Component Designator: Old Designator=R48 New Designator=R40
Change Component Designator: Old Designator=R49 New Designator=R41
Change Component Designator: Old Designator=R50 New Designator=R42
Change Component Designator: Old Designator=R51 New Designator=R43
Change Component Designator: Old Designator=R58 New Designator=R51
Change Component Designator: Old Designator=R59 New Designator=R53
Change Component Designator: Old Designator=R60 New Designator=R55
Change Component Designator: Old Designator=R61 New Designator=R54
Change Component Designator: Old Designator=R62 New Designator=R57
Change Component Designator: Old Designator=R63 New Designator=R56
Change Component Designator: Old Designator=R64 New Designator=R58
Change Component Designator: Old Designator=R65 New Designator=R59
Change Component Designator: Old Designator=R66 New Designator=R60
Change Component Designator: Old Designator=U1 New Designator=U9
Change Component Designator: Old Designator=U2 New Designator=U8
Change Component Designator: Old Designator=U6 New Designator=U7
